<?xml version="1.0" encoding="UTF-8"?>
<testsuite name="TestUniversityClasses" tests="4" skipped="0" failures="0" errors="0" timestamp="2022-10-23T19:46:32" hostname="th3g3ntl3man-GS63VR-6RF" time="0.079">
  <properties/>
  <testcase name="TestLecturer()" classname="TestUniversityClasses" time="0.07"/>
  <testcase name="TestCourse()" classname="TestUniversityClasses" time="0.002"/>
  <testcase name="TestModule()" classname="TestUniversityClasses" time="0.002"/>
  <testcase name="TestStudent()" classname="TestUniversityClasses" time="0.003"/>
  <system-out><![CDATA[]]></system-out>
  <system-err><![CDATA[]]></system-err>
</testsuite>
