<?xml version="1.0" encoding="UTF-8"?>
<testsuite name="TestUniversityClasses" tests="4" skipped="0" failures="0" errors="0" timestamp="2022-10-15T17:51:29" hostname="th3g3ntl3man" time="0.032">
  <properties/>
  <testcase name="TestLecturer()" classname="TestUniversityClasses" time="0.028"/>
  <testcase name="TestCourse()" classname="TestUniversityClasses" time="0.001"/>
  <testcase name="TestModule()" classname="TestUniversityClasses" time="0.001"/>
  <testcase name="TestStudent()" classname="TestUniversityClasses" time="0.001"/>
  <system-out><![CDATA[]]></system-out>
  <system-err><![CDATA[]]></system-err>
</testsuite>
